mode: atomic
github.com/Ridecell/ridecell-operator/pkg/controller/summon/templates_dev.go:30.13,32.9 2 1
github.com/Ridecell/ridecell-operator/pkg/controller/summon/templates_dev.go:35.2,35.53 1 1
github.com/Ridecell/ridecell-operator/pkg/controller/summon/templates_dev.go:32.9,33.38 1 0
github.com/Ridecell/ridecell-operator/pkg/controller/summon/summon_controller.go:48.37,50.2 1 0
github.com/Ridecell/ridecell-operator/pkg/controller/summon/summon_controller.go:53.62,55.2 1 1
github.com/Ridecell/ridecell-operator/pkg/controller/summon/summon_controller.go:58.61,61.16 2 1
github.com/Ridecell/ridecell-operator/pkg/controller/summon/summon_controller.go:66.2,67.16 2 1
github.com/Ridecell/ridecell-operator/pkg/controller/summon/summon_controller.go:73.2,77.16 2 1
github.com/Ridecell/ridecell-operator/pkg/controller/summon/summon_controller.go:81.2,81.12 1 1
github.com/Ridecell/ridecell-operator/pkg/controller/summon/summon_controller.go:61.16,63.3 1 0
github.com/Ridecell/ridecell-operator/pkg/controller/summon/summon_controller.go:67.16,69.3 1 0
github.com/Ridecell/ridecell-operator/pkg/controller/summon/summon_controller.go:77.16,79.3 1 0
github.com/Ridecell/ridecell-operator/pkg/controller/summon/summon_controller.go:99.90,103.16 3 2
github.com/Ridecell/ridecell-operator/pkg/controller/summon/summon_controller.go:115.2,137.90 2 2
github.com/Ridecell/ridecell-operator/pkg/controller/summon/summon_controller.go:143.2,145.42 3 2
github.com/Ridecell/ridecell-operator/pkg/controller/summon/summon_controller.go:157.2,157.49 1 2
github.com/Ridecell/ridecell-operator/pkg/controller/summon/summon_controller.go:165.2,165.32 1 0
github.com/Ridecell/ridecell-operator/pkg/controller/summon/summon_controller.go:103.16,104.29 1 0
github.com/Ridecell/ridecell-operator/pkg/controller/summon/summon_controller.go:110.3,110.33 1 0
github.com/Ridecell/ridecell-operator/pkg/controller/summon/summon_controller.go:104.29,108.4 1 0
github.com/Ridecell/ridecell-operator/pkg/controller/summon/summon_controller.go:137.90,139.3 1 0
github.com/Ridecell/ridecell-operator/pkg/controller/summon/summon_controller.go:145.42,148.17 3 2
github.com/Ridecell/ridecell-operator/pkg/controller/summon/summon_controller.go:148.17,150.4 1 0
github.com/Ridecell/ridecell-operator/pkg/controller/summon/summon_controller.go:151.8,151.23 1 0
github.com/Ridecell/ridecell-operator/pkg/controller/summon/summon_controller.go:151.23,153.3 1 0
github.com/Ridecell/ridecell-operator/pkg/controller/summon/summon_controller.go:157.49,161.17 4 2
github.com/Ridecell/ridecell-operator/pkg/controller/summon/summon_controller.go:161.17,163.4 1 2
